<?xml version="1.0" encoding="UTF-8"?>
<testng-results ignored="0" total="6" passed="5" failed="1" skipped="0">
  <reporter-output>
  </reporter-output>
  <suite started-at="2025-05-15T19:42:31 IST" name="Surefire suite" finished-at="2025-05-15T19:44:16 IST" duration-ms="104587">
    <groups>
      <group name="ErrorHandling">
        <method signature="ErrorValidationsTest.LoginErrorValidation()[pri:0, instance:com.org.main.tests.ErrorValidationsTest@6e20b53a]" name="LoginErrorValidation" class="com.org.main.tests.ErrorValidationsTest"/>
      </group> <!-- ErrorHandling -->
      <group name="cucumber">
        <method signature="AbstractTestNGCucumberTests.runScenario(io.cucumber.testng.PickleWrapper,io.cucumber.testng.FeatureWrapper)[pri:0, instance:cucumber.TestNGTestRunner@74e52303]" name="runScenario" class="io.cucumber.testng.AbstractTestNGCucumberTests"/>
      </group> <!-- cucumber -->
      <group name="purchase">
        <method signature="SubmitOrderTest.submitOrder(java.util.HashMap)[pri:0, instance:com.org.main.tests.SubmitOrderTest@6aba2b86]" name="submitOrder" class="com.org.main.tests.SubmitOrderTest"/>
      </group> <!-- purchase -->
    </groups>
    <test started-at="2025-05-15T19:42:31 IST" name="Surefire test" finished-at="2025-05-15T19:44:16 IST" duration-ms="104587">
      <class name="com.org.main.tests.SubmitOrderTest">
        <test-method is-config="true" signature="launchApplication()[pri:0, instance:com.org.main.tests.SubmitOrderTest@6aba2b86]" started-at="2025-05-15T19:42:58 IST" name="launchApplication" finished-at="2025-05-15T19:43:00 IST" duration-ms="2581" status="PASS">
          <reporter-output>
          </reporter-output>
        </test-method> <!-- launchApplication -->
        <test-method signature="submitOrder(java.util.HashMap)[pri:0, instance:com.org.main.tests.SubmitOrderTest@6aba2b86]" started-at="2025-05-15T19:43:00 IST" name="submitOrder" data-provider="getData" finished-at="2025-05-15T19:43:28 IST" duration-ms="28040" status="PASS">
          <params>
            <param index="0">
              <value>
                <![CDATA[{password=Practice@12345, email=latepractice@example.com, productName=ZARA COAT 3}]]>
              </value>
            </param>
          </params>
          <reporter-output>
          </reporter-output>
        </test-method> <!-- submitOrder -->
        <test-method is-config="true" signature="browserClose()[pri:0, instance:com.org.main.tests.SubmitOrderTest@6aba2b86]" started-at="2025-05-15T19:43:28 IST" name="browserClose" finished-at="2025-05-15T19:43:31 IST" duration-ms="2759" status="PASS">
          <reporter-output>
          </reporter-output>
        </test-method> <!-- browserClose -->
        <test-method is-config="true" signature="launchApplication()[pri:0, instance:com.org.main.tests.SubmitOrderTest@6aba2b86]" started-at="2025-05-15T19:43:31 IST" name="launchApplication" finished-at="2025-05-15T19:43:36 IST" duration-ms="4733" status="PASS">
          <reporter-output>
          </reporter-output>
        </test-method> <!-- launchApplication -->
        <test-method signature="submitOrder(java.util.HashMap)[pri:0, instance:com.org.main.tests.SubmitOrderTest@6aba2b86]" started-at="2025-05-15T19:43:36 IST" name="submitOrder" data-provider="getData" finished-at="2025-05-15T19:43:55 IST" duration-ms="19652" status="PASS">
          <params>
            <param index="0">
              <value>
                <![CDATA[{password=Test@12345, email=testnew@example.com, productName=ADIDAS ORIGINAL}]]>
              </value>
            </param>
          </params>
          <reporter-output>
          </reporter-output>
        </test-method> <!-- submitOrder -->
        <test-method is-config="true" signature="browserClose()[pri:0, instance:com.org.main.tests.SubmitOrderTest@6aba2b86]" started-at="2025-05-15T19:43:55 IST" name="browserClose" finished-at="2025-05-15T19:43:56 IST" duration-ms="655" status="PASS">
          <reporter-output>
          </reporter-output>
        </test-method> <!-- browserClose -->
        <test-method is-config="true" signature="launchApplication()[pri:0, instance:com.org.main.tests.SubmitOrderTest@6aba2b86]" started-at="2025-05-15T19:43:56 IST" name="launchApplication" finished-at="2025-05-15T19:44:01 IST" duration-ms="4720" status="PASS">
          <reporter-output>
          </reporter-output>
        </test-method> <!-- launchApplication -->
        <test-method signature="orderHistoryTest()[pri:0, instance:com.org.main.tests.SubmitOrderTest@6aba2b86]" started-at="2025-05-15T19:44:01 IST" name="orderHistoryTest" finished-at="2025-05-15T19:44:08 IST" depends-on-methods="com.org.main.tests.SubmitOrderTest.submitOrder" duration-ms="6958" status="PASS">
          <reporter-output>
          </reporter-output>
        </test-method> <!-- orderHistoryTest -->
        <test-method is-config="true" signature="browserClose()[pri:0, instance:com.org.main.tests.SubmitOrderTest@6aba2b86]" started-at="2025-05-15T19:44:08 IST" name="browserClose" finished-at="2025-05-15T19:44:08 IST" duration-ms="368" status="PASS">
          <reporter-output>
          </reporter-output>
        </test-method> <!-- browserClose -->
      </class> <!-- com.org.main.tests.SubmitOrderTest -->
      <class name="cucumber.TestNGTestRunner">
        <test-method is-config="true" signature="setUpClass(org.testng.ITestContext)[pri:0, instance:cucumber.TestNGTestRunner@74e52303]" started-at="2025-05-15T19:44:08 IST" name="setUpClass" finished-at="2025-05-15T19:44:09 IST" duration-ms="840" status="PASS">
          <params>
            <param index="0">
              <value>
                <![CDATA[org.testng.TestRunner@4d354a3e]]>
              </value>
            </param>
          </params>
          <reporter-output>
          </reporter-output>
        </test-method> <!-- setUpClass -->
        <test-method signature="runScenario(io.cucumber.testng.PickleWrapper,io.cucumber.testng.FeatureWrapper)[pri:0, instance:cucumber.TestNGTestRunner@74e52303]" started-at="2025-05-15T19:44:09 IST" name="runScenario" description="Runs Cucumber Scenarios" data-provider="scenarios" finished-at="2025-05-15T19:44:15 IST" duration-ms="6408" status="PASS">
          <params>
            <param index="0">
              <value>
                <![CDATA["Title of your scenario outline"]]>
              </value>
            </param>
            <param index="1">
              <value>
                <![CDATA["Error Validation"]]>
              </value>
            </param>
          </params>
          <reporter-output>
          </reporter-output>
        </test-method> <!-- runScenario -->
        <test-method is-config="true" signature="tearDownClass()[pri:0, instance:cucumber.TestNGTestRunner@74e52303]" started-at="2025-05-15T19:44:15 IST" name="tearDownClass" finished-at="2025-05-15T19:44:15 IST" duration-ms="60" status="PASS">
          <reporter-output>
          </reporter-output>
        </test-method> <!-- tearDownClass -->
      </class> <!-- cucumber.TestNGTestRunner -->
      <class name="com.org.main.tests.ErrorValidationsTest">
        <test-method is-config="true" signature="launchApplication()[pri:0, instance:com.org.main.tests.ErrorValidationsTest@6e20b53a]" started-at="2025-05-15T19:42:31 IST" name="launchApplication" finished-at="2025-05-15T19:42:37 IST" duration-ms="6316" status="PASS">
          <reporter-output>
          </reporter-output>
        </test-method> <!-- launchApplication -->
        <test-method signature="LoginErrorValidation()[pri:0, instance:com.org.main.tests.ErrorValidationsTest@6e20b53a]" started-at="2025-05-15T19:42:37 IST" name="LoginErrorValidation" finished-at="2025-05-15T19:42:38 IST" duration-ms="854" status="PASS">
          <reporter-output>
          </reporter-output>
        </test-method> <!-- LoginErrorValidation -->
        <test-method is-config="true" signature="browserClose()[pri:0, instance:com.org.main.tests.ErrorValidationsTest@6e20b53a]" started-at="2025-05-15T19:42:38 IST" name="browserClose" finished-at="2025-05-15T19:42:39 IST" duration-ms="723" status="PASS">
          <reporter-output>
          </reporter-output>
        </test-method> <!-- browserClose -->
        <test-method is-config="true" signature="launchApplication()[pri:0, instance:com.org.main.tests.ErrorValidationsTest@6e20b53a]" started-at="2025-05-15T19:42:39 IST" name="launchApplication" finished-at="2025-05-15T19:42:43 IST" duration-ms="4335" status="PASS">
          <reporter-output>
          </reporter-output>
        </test-method> <!-- launchApplication -->
        <test-method signature="ProductErrorValidation()[pri:0, instance:com.org.main.tests.ErrorValidationsTest@6e20b53a]" started-at="2025-05-15T19:42:43 IST" name="ProductErrorValidation" finished-at="2025-05-15T19:42:56 IST" duration-ms="13037" status="FAIL">
          <exception class="java.lang.AssertionError">
            <message>
              <![CDATA[expected [false] but found [true]]]>
            </message>
            <full-stacktrace>
              <![CDATA[java.lang.AssertionError: expected [false] but found [true]
at org.testng.Assert.fail(Assert.java:111)
at org.testng.Assert.failNotEquals(Assert.java:1590)
at org.testng.Assert.assertFalse(Assert.java:79)
at org.testng.Assert.assertFalse(Assert.java:89)
at com.org.main.tests.ErrorValidationsTest.ProductErrorValidation(ErrorValidationsTest.java:35)
at java.base/jdk.internal.reflect.DirectMethodHandleAccessor.invoke(DirectMethodHandleAccessor.java:103)
at java.base/java.lang.reflect.Method.invoke(Method.java:580)
at org.testng.internal.invokers.MethodInvocationHelper.invokeMethod(MethodInvocationHelper.java:141)
at org.testng.internal.invokers.TestInvoker.invokeMethod(TestInvoker.java:687)
at org.testng.internal.invokers.TestInvoker.invokeTestMethod(TestInvoker.java:230)
at org.testng.internal.invokers.MethodRunner.runInSequence(MethodRunner.java:63)
at org.testng.internal.invokers.TestInvoker$MethodInvocationAgent.invoke(TestInvoker.java:995)
at org.testng.internal.invokers.TestInvoker.invokeTestMethods(TestInvoker.java:203)
at org.testng.internal.invokers.TestMethodWorker.invokeTestMethods(TestMethodWorker.java:154)
at org.testng.internal.invokers.TestMethodWorker.run(TestMethodWorker.java:134)
at java.base/java.util.ArrayList.forEach(ArrayList.java:1596)
at org.testng.TestRunner.privateRun(TestRunner.java:741)
at org.testng.TestRunner.run(TestRunner.java:616)
at org.testng.SuiteRunner.runTest(SuiteRunner.java:421)
at org.testng.SuiteRunner.runSequentially(SuiteRunner.java:413)
at org.testng.SuiteRunner.privateRun(SuiteRunner.java:373)
at org.testng.SuiteRunner.run(SuiteRunner.java:312)
at org.testng.SuiteRunnerWorker.runSuite(SuiteRunnerWorker.java:52)
at org.testng.SuiteRunnerWorker.run(SuiteRunnerWorker.java:95)
at org.testng.TestNG.runSuitesSequentially(TestNG.java:1274)
at org.testng.TestNG.runSuitesLocally(TestNG.java:1208)
at org.testng.TestNG.runSuites(TestNG.java:1112)
at org.testng.TestNG.run(TestNG.java:1079)
at org.apache.maven.surefire.testng.TestNGExecutor.run(TestNGExecutor.java:155)
at org.apache.maven.surefire.testng.TestNGDirectoryTestSuite.executeMulti(TestNGDirectoryTestSuite.java:169)
at org.apache.maven.surefire.testng.TestNGDirectoryTestSuite.execute(TestNGDirectoryTestSuite.java:88)
at org.apache.maven.surefire.testng.TestNGProvider.invoke(TestNGProvider.java:137)
at org.apache.maven.surefire.booter.ForkedBooter.runSuitesInProcess(ForkedBooter.java:385)
at org.apache.maven.surefire.booter.ForkedBooter.execute(ForkedBooter.java:162)
at org.apache.maven.surefire.booter.ForkedBooter.run(ForkedBooter.java:507)
at org.apache.maven.surefire.booter.ForkedBooter.main(ForkedBooter.java:495)
]]>
            </full-stacktrace>
          </exception> <!-- java.lang.AssertionError -->
          <reporter-output>
          </reporter-output>
        </test-method> <!-- ProductErrorValidation -->
        <test-method is-config="true" signature="browserClose()[pri:0, instance:com.org.main.tests.ErrorValidationsTest@6e20b53a]" started-at="2025-05-15T19:42:56 IST" name="browserClose" finished-at="2025-05-15T19:42:57 IST" duration-ms="915" status="PASS">
          <reporter-output>
          </reporter-output>
        </test-method> <!-- browserClose -->
      </class> <!-- com.org.main.tests.ErrorValidationsTest -->
    </test> <!-- Surefire test -->
  </suite> <!-- Surefire suite -->
</testng-results>
